[1.722s] Invoking command in '/home/husarion/Desktop/tourguide/build/tourguide_bringup': DEBUGINFOD_URLS=https://debuginfod.ubuntu.com PYTHONPATH=/home/husarion/Desktop/tourguide/build/tourguide_bringup/prefix_override:/usr/lib/python3/dist-packages/colcon_core/task/python/colcon_distutils_commands:/home/husarion/Desktop/tourguide/install/tourguide_bringup/lib/python3.12/site-packages:${PYTHONPATH} /usr/bin/python3 -W ignore:setup.py install is deprecated -W ignore:easy_install command is deprecated setup.py develop --editable --build-directory /home/husarion/Desktop/tourguide/build/tourguide_bringup/build --no-deps symlink_data
[2.215s] running develop
[2.517s] running egg_info
[2.518s] creating tourguide_bringup.egg-info
[2.544s] writing tourguide_bringup.egg-info/PKG-INFO
[2.544s] writing dependency_links to tourguide_bringup.egg-info/dependency_links.txt
[2.545s] writing requirements to tourguide_bringup.egg-info/requires.txt
[2.545s] writing top-level names to tourguide_bringup.egg-info/top_level.txt
[2.545s] writing manifest file 'tourguide_bringup.egg-info/SOURCES.txt'
[2.600s] reading manifest file 'tourguide_bringup.egg-info/SOURCES.txt'
[2.601s] writing manifest file 'tourguide_bringup.egg-info/SOURCES.txt'
[2.630s] running build_ext
[2.631s] Creating /home/husarion/Desktop/tourguide/install/tourguide_bringup/lib/python3.12/site-packages/tourguide-bringup.egg-link (link to .)
[2.631s] 
[2.632s] Installed /home/husarion/Desktop/tourguide/build/tourguide_bringup
[2.632s] running symlink_data
[2.632s] creating /home/husarion/Desktop/tourguide/install/tourguide_bringup/share/ament_index
[2.632s] creating /home/husarion/Desktop/tourguide/install/tourguide_bringup/share/ament_index/resource_index
[2.632s] creating /home/husarion/Desktop/tourguide/install/tourguide_bringup/share/ament_index/resource_index/packages
[2.632s] symbolically linking /home/husarion/Desktop/tourguide/build/tourguide_bringup/resource/tourguide_bringup -> /home/husarion/Desktop/tourguide/install/tourguide_bringup/share/ament_index/resource_index/packages
[2.632s] symbolically linking /home/husarion/Desktop/tourguide/build/tourguide_bringup/package.xml -> /home/husarion/Desktop/tourguide/install/tourguide_bringup/share/tourguide_bringup
[2.633s] creating /home/husarion/Desktop/tourguide/install/tourguide_bringup/share/tourguide_bringup/launch
[2.633s] symbolically linking /home/husarion/Desktop/tourguide/build/tourguide_bringup/launch/vision.launch.py -> /home/husarion/Desktop/tourguide/install/tourguide_bringup/share/tourguide_bringup/launch
[2.633s] creating /home/husarion/Desktop/tourguide/install/tourguide_bringup/share/tourguide_bringup/config
[2.633s] symbolically linking /home/husarion/Desktop/tourguide/build/tourguide_bringup/config/apriltags.yaml -> /home/husarion/Desktop/tourguide/install/tourguide_bringup/share/tourguide_bringup/config
[2.742s] Invoked command in '/home/husarion/Desktop/tourguide/build/tourguide_bringup' returned '0': DEBUGINFOD_URLS=https://debuginfod.ubuntu.com PYTHONPATH=/home/husarion/Desktop/tourguide/build/tourguide_bringup/prefix_override:/usr/lib/python3/dist-packages/colcon_core/task/python/colcon_distutils_commands:/home/husarion/Desktop/tourguide/install/tourguide_bringup/lib/python3.12/site-packages:${PYTHONPATH} /usr/bin/python3 -W ignore:setup.py install is deprecated -W ignore:easy_install command is deprecated setup.py develop --editable --build-directory /home/husarion/Desktop/tourguide/build/tourguide_bringup/build --no-deps symlink_data
