[1.508s] Invoking command in '/home/husarion/Desktop/tourguide/build/tourguide_bringup': DEBUGINFOD_URLS=https://debuginfod.ubuntu.com PYTHONPATH=/home/husarion/Desktop/tourguide/build/tourguide_bringup/prefix_override:/usr/lib/python3/dist-packages/colcon_core/task/python/colcon_distutils_commands:/home/husarion/Desktop/tourguide/install/tourguide_bringup/lib/python3.12/site-packages:${PYTHONPATH} /usr/bin/python3 -W ignore:setup.py install is deprecated -W ignore:easy_install command is deprecated setup.py develop --editable --build-directory /home/husarion/Desktop/tourguide/build/tourguide_bringup/build --no-deps symlink_data --force
[2.052s] running develop
[2.380s] running egg_info
[2.410s] writing tourguide_bringup.egg-info/PKG-INFO
[2.410s] writing dependency_links to tourguide_bringup.egg-info/dependency_links.txt
[2.414s] writing entry points to tourguide_bringup.egg-info/entry_points.txt
[2.414s] writing requirements to tourguide_bringup.egg-info/requires.txt
[2.414s] writing top-level names to tourguide_bringup.egg-info/top_level.txt
[2.482s] reading manifest file 'tourguide_bringup.egg-info/SOURCES.txt'
[2.483s] writing manifest file 'tourguide_bringup.egg-info/SOURCES.txt'
[2.513s] running build_ext
[2.514s] Creating /home/husarion/Desktop/tourguide/install/tourguide_bringup/lib/python3.12/site-packages/tourguide-bringup.egg-link (link to .)
[2.515s] Installing tour_script script to /home/husarion/Desktop/tourguide/install/tourguide_bringup/lib/tourguide_bringup
[2.515s] 
[2.515s] Installed /home/husarion/Desktop/tourguide/build/tourguide_bringup
[2.515s] running symlink_data
[2.515s] symbolically linking /home/husarion/Desktop/tourguide/build/tourguide_bringup/resource/tourguide_bringup -> /home/husarion/Desktop/tourguide/install/tourguide_bringup/share/ament_index/resource_index/packages
[2.516s] symbolically linking /home/husarion/Desktop/tourguide/build/tourguide_bringup/package.xml -> /home/husarion/Desktop/tourguide/install/tourguide_bringup/share/tourguide_bringup
[2.516s] symbolically linking /home/husarion/Desktop/tourguide/build/tourguide_bringup/launch/vision.launch.py -> /home/husarion/Desktop/tourguide/install/tourguide_bringup/share/tourguide_bringup/launch
[2.516s] symbolically linking /home/husarion/Desktop/tourguide/build/tourguide_bringup/config/apriltags.yaml -> /home/husarion/Desktop/tourguide/install/tourguide_bringup/share/tourguide_bringup/config
[2.516s] symbolically linking /home/husarion/Desktop/tourguide/build/tourguide_bringup/config/tour_waypoints.yaml -> /home/husarion/Desktop/tourguide/install/tourguide_bringup/share/tourguide_bringup/config
[2.516s] symbolically linking /home/husarion/Desktop/tourguide/build/tourguide_bringup/config/tour_route.yaml -> /home/husarion/Desktop/tourguide/install/tourguide_bringup/share/tourguide_bringup/config
[2.622s] Invoked command in '/home/husarion/Desktop/tourguide/build/tourguide_bringup' returned '0': DEBUGINFOD_URLS=https://debuginfod.ubuntu.com PYTHONPATH=/home/husarion/Desktop/tourguide/build/tourguide_bringup/prefix_override:/usr/lib/python3/dist-packages/colcon_core/task/python/colcon_distutils_commands:/home/husarion/Desktop/tourguide/install/tourguide_bringup/lib/python3.12/site-packages:${PYTHONPATH} /usr/bin/python3 -W ignore:setup.py install is deprecated -W ignore:easy_install command is deprecated setup.py develop --editable --build-directory /home/husarion/Desktop/tourguide/build/tourguide_bringup/build --no-deps symlink_data --force
