/home/husarion/Desktop/tourguide/src/install/tourguide_bringup/lib/python3.12/site-packages/tourguide_bringup/__init__.py
/home/husarion/Desktop/tourguide/src/install/tourguide_bringup/lib/python3.12/site-packages/tourguide_bringup/tour_script.py
/home/husarion/Desktop/tourguide/src/install/tourguide_bringup/lib/python3.12/site-packages/tourguide_bringup/semantic_bridge.py
/home/husarion/Desktop/tourguide/src/install/tourguide_bringup/lib/python3.12/site-packages/tourguide_bringup/__pycache__/__init__.cpython-312.pyc
/home/husarion/Desktop/tourguide/src/install/tourguide_bringup/lib/python3.12/site-packages/tourguide_bringup/__pycache__/tour_script.cpython-312.pyc
/home/husarion/Desktop/tourguide/src/install/tourguide_bringup/lib/python3.12/site-packages/tourguide_bringup/__pycache__/semantic_bridge.cpython-312.pyc
/home/husarion/Desktop/tourguide/src/install/tourguide_bringup/share/ament_index/resource_index/packages/tourguide_bringup
/home/husarion/Desktop/tourguide/src/install/tourguide_bringup/share/tourguide_bringup/package.xml
/home/husarion/Desktop/tourguide/src/install/tourguide_bringup/share/tourguide_bringup/launch/vision.launch.py
/home/husarion/Desktop/tourguide/src/install/tourguide_bringup/share/tourguide_bringup/launch/localization.launch.py
/home/husarion/Desktop/tourguide/src/install/tourguide_bringup/share/tourguide_bringup/launch/mapping.launch.py
/home/husarion/Desktop/tourguide/src/install/tourguide_bringup/share/tourguide_bringup/config/apriltags.yaml
/home/husarion/Desktop/tourguide/src/install/tourguide_bringup/share/tourguide_bringup/config/tour_waypoints.yaml
/home/husarion/Desktop/tourguide/src/install/tourguide_bringup/share/tourguide_bringup/config/tour_route.yaml
/home/husarion/Desktop/tourguide/src/install/tourguide_bringup/lib/python3.12/site-packages/tourguide_bringup-0.0.0-py3.12.egg-info/SOURCES.txt
/home/husarion/Desktop/tourguide/src/install/tourguide_bringup/lib/python3.12/site-packages/tourguide_bringup-0.0.0-py3.12.egg-info/top_level.txt
/home/husarion/Desktop/tourguide/src/install/tourguide_bringup/lib/python3.12/site-packages/tourguide_bringup-0.0.0-py3.12.egg-info/PKG-INFO
/home/husarion/Desktop/tourguide/src/install/tourguide_bringup/lib/python3.12/site-packages/tourguide_bringup-0.0.0-py3.12.egg-info/zip-safe
/home/husarion/Desktop/tourguide/src/install/tourguide_bringup/lib/python3.12/site-packages/tourguide_bringup-0.0.0-py3.12.egg-info/requires.txt
/home/husarion/Desktop/tourguide/src/install/tourguide_bringup/lib/python3.12/site-packages/tourguide_bringup-0.0.0-py3.12.egg-info/dependency_links.txt
/home/husarion/Desktop/tourguide/src/install/tourguide_bringup/lib/python3.12/site-packages/tourguide_bringup-0.0.0-py3.12.egg-info/entry_points.txt
/home/husarion/Desktop/tourguide/src/install/tourguide_bringup/lib/tourguide_bringup/conversation_service
/home/husarion/Desktop/tourguide/src/install/tourguide_bringup/lib/tourguide_bringup/semantic_bridge
/home/husarion/Desktop/tourguide/src/install/tourguide_bringup/lib/tourguide_bringup/tour_script
