[2.671s] Invoking command in '/home/husarion/Desktop/tourguide/src/tourguide_bringup': DEBUGINFOD_URLS=https://debuginfod.ubuntu.com PYTHONPATH=/home/husarion/Desktop/tourguide/build/tourguide_bringup/prefix_override:/usr/lib/python3/dist-packages/colcon_core/task/python/colcon_distutils_commands:/home/husarion/Desktop/tourguide/install/tourguide_bringup/lib/python3.12/site-packages:${PYTHONPATH} /usr/bin/python3 -W ignore:setup.py install is deprecated -W ignore:easy_install command is deprecated setup.py egg_info --egg-base ../../build/tourguide_bringup build --build-base /home/husarion/Desktop/tourguide/build/tourguide_bringup/build install --record /home/husarion/Desktop/tourguide/build/tourguide_bringup/install.log --single-version-externally-managed install_data
[3.495s] running egg_info
[3.570s] writing ../../build/tourguide_bringup/tourguide_bringup.egg-info/PKG-INFO
[3.572s] writing dependency_links to ../../build/tourguide_bringup/tourguide_bringup.egg-info/dependency_links.txt
[3.575s] writing entry points to ../../build/tourguide_bringup/tourguide_bringup.egg-info/entry_points.txt
[3.575s] writing requirements to ../../build/tourguide_bringup/tourguide_bringup.egg-info/requires.txt
[3.576s] writing top-level names to ../../build/tourguide_bringup/tourguide_bringup.egg-info/top_level.txt
[3.724s] reading manifest file '../../build/tourguide_bringup/tourguide_bringup.egg-info/SOURCES.txt'
[3.725s] writing manifest file '../../build/tourguide_bringup/tourguide_bringup.egg-info/SOURCES.txt'
[3.726s] running build
[3.726s] running build_py
[3.726s] copying tourguide_bringup/tour_script.py -> /home/husarion/Desktop/tourguide/build/tourguide_bringup/build/lib/tourguide_bringup
[3.726s] running install
[3.738s] running install_lib
[3.817s] copying /home/husarion/Desktop/tourguide/build/tourguide_bringup/build/lib/tourguide_bringup/tour_script.py -> /home/husarion/Desktop/tourguide/install/tourguide_bringup/lib/python3.12/site-packages/tourguide_bringup
[3.820s] byte-compiling /home/husarion/Desktop/tourguide/install/tourguide_bringup/lib/python3.12/site-packages/tourguide_bringup/tour_script.py to tour_script.cpython-312.pyc
[3.823s] running install_data
[3.824s] running install_egg_info
[3.891s] removing '/home/husarion/Desktop/tourguide/install/tourguide_bringup/lib/python3.12/site-packages/tourguide_bringup-0.0.0-py3.12.egg-info' (and everything under it)
[3.892s] Copying ../../build/tourguide_bringup/tourguide_bringup.egg-info to /home/husarion/Desktop/tourguide/install/tourguide_bringup/lib/python3.12/site-packages/tourguide_bringup-0.0.0-py3.12.egg-info
[3.894s] running install_scripts
[4.295s] Installing tour_script script to /home/husarion/Desktop/tourguide/install/tourguide_bringup/lib/tourguide_bringup
[4.305s] writing list of installed files to '/home/husarion/Desktop/tourguide/build/tourguide_bringup/install.log'
[4.497s] Invoked command in '/home/husarion/Desktop/tourguide/src/tourguide_bringup' returned '0': DEBUGINFOD_URLS=https://debuginfod.ubuntu.com PYTHONPATH=/home/husarion/Desktop/tourguide/build/tourguide_bringup/prefix_override:/usr/lib/python3/dist-packages/colcon_core/task/python/colcon_distutils_commands:/home/husarion/Desktop/tourguide/install/tourguide_bringup/lib/python3.12/site-packages:${PYTHONPATH} /usr/bin/python3 -W ignore:setup.py install is deprecated -W ignore:easy_install command is deprecated setup.py egg_info --egg-base ../../build/tourguide_bringup build --build-base /home/husarion/Desktop/tourguide/build/tourguide_bringup/build install --record /home/husarion/Desktop/tourguide/build/tourguide_bringup/install.log --single-version-externally-managed install_data
