[1.625s] Invoking command in '/home/husarion/Desktop/tourguide/src/tourguide_bringup': DEBUGINFOD_URLS=https://debuginfod.ubuntu.com PYTHONPATH=/home/husarion/Desktop/tourguide/build/tourguide_bringup/prefix_override:/usr/lib/python3/dist-packages/colcon_core/task/python/colcon_distutils_commands:/home/husarion/Desktop/tourguide/install/tourguide_bringup/lib/python3.12/site-packages:${PYTHONPATH} /usr/bin/python3 -W ignore:setup.py install is deprecated -W ignore:easy_install command is deprecated setup.py egg_info --egg-base ../../build/tourguide_bringup build --build-base /home/husarion/Desktop/tourguide/build/tourguide_bringup/build install --record /home/husarion/Desktop/tourguide/build/tourguide_bringup/install.log --single-version-externally-managed install_data
[2.113s] running egg_info
[2.150s] writing ../../build/tourguide_bringup/tourguide_bringup.egg-info/PKG-INFO
[2.150s] writing dependency_links to ../../build/tourguide_bringup/tourguide_bringup.egg-info/dependency_links.txt
[2.153s] writing entry points to ../../build/tourguide_bringup/tourguide_bringup.egg-info/entry_points.txt
[2.153s] writing requirements to ../../build/tourguide_bringup/tourguide_bringup.egg-info/requires.txt
[2.153s] writing top-level names to ../../build/tourguide_bringup/tourguide_bringup.egg-info/top_level.txt
[2.226s] reading manifest file '../../build/tourguide_bringup/tourguide_bringup.egg-info/SOURCES.txt'
[2.227s] writing manifest file '../../build/tourguide_bringup/tourguide_bringup.egg-info/SOURCES.txt'
[2.227s] running build
[2.227s] running build_py
[2.228s] running install
[2.239s] running install_lib
[2.280s] running install_data
[2.280s] copying launch/mapping.launch.py -> /home/husarion/Desktop/tourguide/install/tourguide_bringup/share/tourguide_bringup/launch
[2.280s] running install_egg_info
[2.330s] removing '/home/husarion/Desktop/tourguide/install/tourguide_bringup/lib/python3.12/site-packages/tourguide_bringup-0.0.0-py3.12.egg-info' (and everything under it)
[2.331s] Copying ../../build/tourguide_bringup/tourguide_bringup.egg-info to /home/husarion/Desktop/tourguide/install/tourguide_bringup/lib/python3.12/site-packages/tourguide_bringup-0.0.0-py3.12.egg-info
[2.332s] running install_scripts
[2.590s] Installing conversation_service script to /home/husarion/Desktop/tourguide/install/tourguide_bringup/lib/tourguide_bringup
[2.591s] Installing semantic_bridge script to /home/husarion/Desktop/tourguide/install/tourguide_bringup/lib/tourguide_bringup
[2.593s] Installing tour_script script to /home/husarion/Desktop/tourguide/install/tourguide_bringup/lib/tourguide_bringup
[2.595s] writing list of installed files to '/home/husarion/Desktop/tourguide/build/tourguide_bringup/install.log'
[2.707s] Invoked command in '/home/husarion/Desktop/tourguide/src/tourguide_bringup' returned '0': DEBUGINFOD_URLS=https://debuginfod.ubuntu.com PYTHONPATH=/home/husarion/Desktop/tourguide/build/tourguide_bringup/prefix_override:/usr/lib/python3/dist-packages/colcon_core/task/python/colcon_distutils_commands:/home/husarion/Desktop/tourguide/install/tourguide_bringup/lib/python3.12/site-packages:${PYTHONPATH} /usr/bin/python3 -W ignore:setup.py install is deprecated -W ignore:easy_install command is deprecated setup.py egg_info --egg-base ../../build/tourguide_bringup build --build-base /home/husarion/Desktop/tourguide/build/tourguide_bringup/build install --record /home/husarion/Desktop/tourguide/build/tourguide_bringup/install.log --single-version-externally-managed install_data
