[2.592s] Invoking command in '/home/husarion/Desktop/tourguide/build/tourguide_bringup': DEBUGINFOD_URLS=https://debuginfod.ubuntu.com PYTHONPATH=/home/husarion/Desktop/tourguide/build/tourguide_bringup/prefix_override:/usr/lib/python3/dist-packages/colcon_core/task/python/colcon_distutils_commands:/home/husarion/Desktop/tourguide/install/tourguide_bringup/lib/python3.12/site-packages:${PYTHONPATH} /usr/bin/python3 -W ignore:setup.py install is deprecated -W ignore:easy_install command is deprecated setup.py develop --uninstall --editable --build-directory /home/husarion/Desktop/tourguide/build/tourguide_bringup/build
[3.410s] running develop
[4.092s] Removing /home/husarion/Desktop/tourguide/install/tourguide_bringup/lib/python3.12/site-packages/tourguide-bringup.egg-link (link to .)
[4.268s] Invoked command in '/home/husarion/Desktop/tourguide/build/tourguide_bringup' returned '0': DEBUGINFOD_URLS=https://debuginfod.ubuntu.com PYTHONPATH=/home/husarion/Desktop/tourguide/build/tourguide_bringup/prefix_override:/usr/lib/python3/dist-packages/colcon_core/task/python/colcon_distutils_commands:/home/husarion/Desktop/tourguide/install/tourguide_bringup/lib/python3.12/site-packages:${PYTHONPATH} /usr/bin/python3 -W ignore:setup.py install is deprecated -W ignore:easy_install command is deprecated setup.py develop --uninstall --editable --build-directory /home/husarion/Desktop/tourguide/build/tourguide_bringup/build
[4.271s] Invoking command in '/home/husarion/Desktop/tourguide/src/tourguide_bringup': DEBUGINFOD_URLS=https://debuginfod.ubuntu.com PYTHONPATH=/home/husarion/Desktop/tourguide/build/tourguide_bringup/prefix_override:/usr/lib/python3/dist-packages/colcon_core/task/python/colcon_distutils_commands:/home/husarion/Desktop/tourguide/install/tourguide_bringup/lib/python3.12/site-packages:${PYTHONPATH} /usr/bin/python3 -W ignore:setup.py install is deprecated -W ignore:easy_install command is deprecated setup.py egg_info --egg-base ../../build/tourguide_bringup build --build-base /home/husarion/Desktop/tourguide/build/tourguide_bringup/build install --record /home/husarion/Desktop/tourguide/build/tourguide_bringup/install.log --single-version-externally-managed install_data --force
[4.983s] running egg_info
[5.053s] writing ../../build/tourguide_bringup/tourguide_bringup.egg-info/PKG-INFO
[5.053s] writing dependency_links to ../../build/tourguide_bringup/tourguide_bringup.egg-info/dependency_links.txt
[5.054s] writing entry points to ../../build/tourguide_bringup/tourguide_bringup.egg-info/entry_points.txt
[5.055s] writing requirements to ../../build/tourguide_bringup/tourguide_bringup.egg-info/requires.txt
[5.055s] writing top-level names to ../../build/tourguide_bringup/tourguide_bringup.egg-info/top_level.txt
[5.193s] reading manifest file '../../build/tourguide_bringup/tourguide_bringup.egg-info/SOURCES.txt'
[5.195s] writing manifest file '../../build/tourguide_bringup/tourguide_bringup.egg-info/SOURCES.txt'
[5.195s] running build
[5.195s] running build_py
[5.196s] copying tourguide_bringup/tour_script.py -> /home/husarion/Desktop/tourguide/build/tourguide_bringup/build/lib/tourguide_bringup
[5.197s] running install
[5.209s] running install_lib
[5.271s] creating /home/husarion/Desktop/tourguide/install/tourguide_bringup/lib/python3.12/site-packages/tourguide_bringup
[5.272s] copying /home/husarion/Desktop/tourguide/build/tourguide_bringup/build/lib/tourguide_bringup/__init__.py -> /home/husarion/Desktop/tourguide/install/tourguide_bringup/lib/python3.12/site-packages/tourguide_bringup
[5.272s] copying /home/husarion/Desktop/tourguide/build/tourguide_bringup/build/lib/tourguide_bringup/tour_script.py -> /home/husarion/Desktop/tourguide/install/tourguide_bringup/lib/python3.12/site-packages/tourguide_bringup
[5.272s] byte-compiling /home/husarion/Desktop/tourguide/install/tourguide_bringup/lib/python3.12/site-packages/tourguide_bringup/__init__.py to __init__.cpython-312.pyc
[5.274s] byte-compiling /home/husarion/Desktop/tourguide/install/tourguide_bringup/lib/python3.12/site-packages/tourguide_bringup/tour_script.py to tour_script.cpython-312.pyc
[5.276s] running install_data
[5.280s] copying resource/tourguide_bringup -> /home/husarion/Desktop/tourguide/install/tourguide_bringup/share/ament_index/resource_index/packages
[5.280s] copying package.xml -> /home/husarion/Desktop/tourguide/install/tourguide_bringup/share/tourguide_bringup
[5.280s] copying launch/vision.launch.py -> /home/husarion/Desktop/tourguide/install/tourguide_bringup/share/tourguide_bringup/launch
[5.280s] copying config/apriltags.yaml -> /home/husarion/Desktop/tourguide/install/tourguide_bringup/share/tourguide_bringup/config
[5.280s] copying config/tour_waypoints.yaml -> /home/husarion/Desktop/tourguide/install/tourguide_bringup/share/tourguide_bringup/config
[5.280s] copying config/tour_route.yaml -> /home/husarion/Desktop/tourguide/install/tourguide_bringup/share/tourguide_bringup/config
[5.281s] running install_egg_info
[5.331s] Copying ../../build/tourguide_bringup/tourguide_bringup.egg-info to /home/husarion/Desktop/tourguide/install/tourguide_bringup/lib/python3.12/site-packages/tourguide_bringup-0.0.0-py3.12.egg-info
[5.337s] running install_scripts
[5.722s] Installing tour_script script to /home/husarion/Desktop/tourguide/install/tourguide_bringup/lib/tourguide_bringup
[5.781s] writing list of installed files to '/home/husarion/Desktop/tourguide/build/tourguide_bringup/install.log'
[5.939s] Invoked command in '/home/husarion/Desktop/tourguide/src/tourguide_bringup' returned '0': DEBUGINFOD_URLS=https://debuginfod.ubuntu.com PYTHONPATH=/home/husarion/Desktop/tourguide/build/tourguide_bringup/prefix_override:/usr/lib/python3/dist-packages/colcon_core/task/python/colcon_distutils_commands:/home/husarion/Desktop/tourguide/install/tourguide_bringup/lib/python3.12/site-packages:${PYTHONPATH} /usr/bin/python3 -W ignore:setup.py install is deprecated -W ignore:easy_install command is deprecated setup.py egg_info --egg-base ../../build/tourguide_bringup build --build-base /home/husarion/Desktop/tourguide/build/tourguide_bringup/build install --record /home/husarion/Desktop/tourguide/build/tourguide_bringup/install.log --single-version-externally-managed install_data --force
