running egg_info
creating build/tourguide_navigation/tourguide_navigation.egg-info
writing build/tourguide_navigation/tourguide_navigation.egg-info/PKG-INFO
writing dependency_links to build/tourguide_navigation/tourguide_navigation.egg-info/dependency_links.txt
writing entry points to build/tourguide_navigation/tourguide_navigation.egg-info/entry_points.txt
writing requirements to build/tourguide_navigation/tourguide_navigation.egg-info/requires.txt
writing top-level names to build/tourguide_navigation/tourguide_navigation.egg-info/top_level.txt
writing manifest file 'build/tourguide_navigation/tourguide_navigation.egg-info/SOURCES.txt'
reading manifest file 'build/tourguide_navigation/tourguide_navigation.egg-info/SOURCES.txt'
writing manifest file 'build/tourguide_navigation/tourguide_navigation.egg-info/SOURCES.txt'
running build
running build_py
creating /home/husarion/Desktop/tourguide/src/tourguide_navigation/build/tourguide_navigation/build
creating /home/husarion/Desktop/tourguide/src/tourguide_navigation/build/tourguide_navigation/build/lib
creating /home/husarion/Desktop/tourguide/src/tourguide_navigation/build/tourguide_navigation/build/lib/tourguide_navigation
copying tourguide_navigation/__init__.py -> /home/husarion/Desktop/tourguide/src/tourguide_navigation/build/tourguide_navigation/build/lib/tourguide_navigation
copying tourguide_navigation/ros2_nav_bridge.py -> /home/husarion/Desktop/tourguide/src/tourguide_navigation/build/tourguide_navigation/build/lib/tourguide_navigation
running install
running install_lib
creating /home/husarion/Desktop/tourguide/src/tourguide_navigation/install/tourguide_navigation/lib/python3.12/site-packages/tourguide_navigation
copying /home/husarion/Desktop/tourguide/src/tourguide_navigation/build/tourguide_navigation/build/lib/tourguide_navigation/__init__.py -> /home/husarion/Desktop/tourguide/src/tourguide_navigation/install/tourguide_navigation/lib/python3.12/site-packages/tourguide_navigation
copying /home/husarion/Desktop/tourguide/src/tourguide_navigation/build/tourguide_navigation/build/lib/tourguide_navigation/ros2_nav_bridge.py -> /home/husarion/Desktop/tourguide/src/tourguide_navigation/install/tourguide_navigation/lib/python3.12/site-packages/tourguide_navigation
byte-compiling /home/husarion/Desktop/tourguide/src/tourguide_navigation/install/tourguide_navigation/lib/python3.12/site-packages/tourguide_navigation/__init__.py to __init__.cpython-312.pyc
byte-compiling /home/husarion/Desktop/tourguide/src/tourguide_navigation/install/tourguide_navigation/lib/python3.12/site-packages/tourguide_navigation/ros2_nav_bridge.py to ros2_nav_bridge.cpython-312.pyc
running install_data
creating /home/husarion/Desktop/tourguide/src/tourguide_navigation/install/tourguide_navigation/share/ament_index
creating /home/husarion/Desktop/tourguide/src/tourguide_navigation/install/tourguide_navigation/share/ament_index/resource_index
creating /home/husarion/Desktop/tourguide/src/tourguide_navigation/install/tourguide_navigation/share/ament_index/resource_index/packages
copying resource/tourguide_navigation -> /home/husarion/Desktop/tourguide/src/tourguide_navigation/install/tourguide_navigation/share/ament_index/resource_index/packages
copying package.xml -> /home/husarion/Desktop/tourguide/src/tourguide_navigation/install/tourguide_navigation/share/tourguide_navigation
running install_egg_info
Copying build/tourguide_navigation/tourguide_navigation.egg-info to /home/husarion/Desktop/tourguide/src/tourguide_navigation/install/tourguide_navigation/lib/python3.12/site-packages/tourguide_navigation-0.0.0-py3.12.egg-info
running install_scripts
Installing ros2_nav_bridge script to /home/husarion/Desktop/tourguide/src/tourguide_navigation/install/tourguide_navigation/lib/tourguide_navigation
writing list of installed files to '/home/husarion/Desktop/tourguide/src/tourguide_navigation/build/tourguide_navigation/install.log'
