[1.739s] Invoking command in '/home/husarion/Desktop/tourguide/src/tourguide_bringup': DEBUGINFOD_URLS=https://debuginfod.ubuntu.com PYTHONPATH=/home/husarion/Desktop/tourguide/src/build/tourguide_bringup/prefix_override:/usr/lib/python3/dist-packages/colcon_core/task/python/colcon_distutils_commands:/home/husarion/Desktop/tourguide/src/install/tourguide_bringup/lib/python3.12/site-packages:${PYTHONPATH} /usr/bin/python3 -W ignore:setup.py install is deprecated -W ignore:easy_install command is deprecated setup.py egg_info --egg-base ../build/tourguide_bringup build --build-base /home/husarion/Desktop/tourguide/src/build/tourguide_bringup/build install --record /home/husarion/Desktop/tourguide/src/build/tourguide_bringup/install.log --single-version-externally-managed install_data
[2.139s] running egg_info
[2.140s] creating ../build/tourguide_bringup/tourguide_bringup.egg-info
[2.167s] writing ../build/tourguide_bringup/tourguide_bringup.egg-info/PKG-INFO
[2.167s] writing dependency_links to ../build/tourguide_bringup/tourguide_bringup.egg-info/dependency_links.txt
[2.168s] writing entry points to ../build/tourguide_bringup/tourguide_bringup.egg-info/entry_points.txt
[2.168s] writing requirements to ../build/tourguide_bringup/tourguide_bringup.egg-info/requires.txt
[2.168s] writing top-level names to ../build/tourguide_bringup/tourguide_bringup.egg-info/top_level.txt
[2.168s] writing manifest file '../build/tourguide_bringup/tourguide_bringup.egg-info/SOURCES.txt'
[2.225s] reading manifest file '../build/tourguide_bringup/tourguide_bringup.egg-info/SOURCES.txt'
[2.226s] writing manifest file '../build/tourguide_bringup/tourguide_bringup.egg-info/SOURCES.txt'
[2.227s] running build
[2.227s] running build_py
[2.227s] creating /home/husarion/Desktop/tourguide/src/build/tourguide_bringup/build
[2.227s] creating /home/husarion/Desktop/tourguide/src/build/tourguide_bringup/build/lib
[2.227s] creating /home/husarion/Desktop/tourguide/src/build/tourguide_bringup/build/lib/tourguide_bringup
[2.227s] copying tourguide_bringup/__init__.py -> /home/husarion/Desktop/tourguide/src/build/tourguide_bringup/build/lib/tourguide_bringup
[2.227s] copying tourguide_bringup/tour_script.py -> /home/husarion/Desktop/tourguide/src/build/tourguide_bringup/build/lib/tourguide_bringup
[2.229s] copying tourguide_bringup/semantic_bridge.py -> /home/husarion/Desktop/tourguide/src/build/tourguide_bringup/build/lib/tourguide_bringup
[2.230s] running install
[2.240s] running install_lib
[2.271s] creating /home/husarion/Desktop/tourguide/src/install/tourguide_bringup/lib/python3.12/site-packages/tourguide_bringup
[2.271s] copying /home/husarion/Desktop/tourguide/src/build/tourguide_bringup/build/lib/tourguide_bringup/__init__.py -> /home/husarion/Desktop/tourguide/src/install/tourguide_bringup/lib/python3.12/site-packages/tourguide_bringup
[2.271s] copying /home/husarion/Desktop/tourguide/src/build/tourguide_bringup/build/lib/tourguide_bringup/tour_script.py -> /home/husarion/Desktop/tourguide/src/install/tourguide_bringup/lib/python3.12/site-packages/tourguide_bringup
[2.272s] copying /home/husarion/Desktop/tourguide/src/build/tourguide_bringup/build/lib/tourguide_bringup/semantic_bridge.py -> /home/husarion/Desktop/tourguide/src/install/tourguide_bringup/lib/python3.12/site-packages/tourguide_bringup
[2.272s] byte-compiling /home/husarion/Desktop/tourguide/src/install/tourguide_bringup/lib/python3.12/site-packages/tourguide_bringup/__init__.py to __init__.cpython-312.pyc
[2.273s] byte-compiling /home/husarion/Desktop/tourguide/src/install/tourguide_bringup/lib/python3.12/site-packages/tourguide_bringup/tour_script.py to tour_script.cpython-312.pyc
[2.275s] byte-compiling /home/husarion/Desktop/tourguide/src/install/tourguide_bringup/lib/python3.12/site-packages/tourguide_bringup/semantic_bridge.py to semantic_bridge.cpython-312.pyc
[2.276s] running install_data
[2.276s] creating /home/husarion/Desktop/tourguide/src/install/tourguide_bringup/share/ament_index
[2.276s] creating /home/husarion/Desktop/tourguide/src/install/tourguide_bringup/share/ament_index/resource_index
[2.276s] creating /home/husarion/Desktop/tourguide/src/install/tourguide_bringup/share/ament_index/resource_index/packages
[2.277s] copying resource/tourguide_bringup -> /home/husarion/Desktop/tourguide/src/install/tourguide_bringup/share/ament_index/resource_index/packages
[2.277s] copying package.xml -> /home/husarion/Desktop/tourguide/src/install/tourguide_bringup/share/tourguide_bringup
[2.277s] creating /home/husarion/Desktop/tourguide/src/install/tourguide_bringup/share/tourguide_bringup/launch
[2.277s] copying launch/vision.launch.py -> /home/husarion/Desktop/tourguide/src/install/tourguide_bringup/share/tourguide_bringup/launch
[2.277s] copying launch/localization.launch.py -> /home/husarion/Desktop/tourguide/src/install/tourguide_bringup/share/tourguide_bringup/launch
[2.278s] copying launch/mapping.launch.py -> /home/husarion/Desktop/tourguide/src/install/tourguide_bringup/share/tourguide_bringup/launch
[2.278s] creating /home/husarion/Desktop/tourguide/src/install/tourguide_bringup/share/tourguide_bringup/config
[2.278s] copying config/apriltags.yaml -> /home/husarion/Desktop/tourguide/src/install/tourguide_bringup/share/tourguide_bringup/config
[2.278s] copying config/tour_waypoints.yaml -> /home/husarion/Desktop/tourguide/src/install/tourguide_bringup/share/tourguide_bringup/config
[2.279s] copying config/tour_route.yaml -> /home/husarion/Desktop/tourguide/src/install/tourguide_bringup/share/tourguide_bringup/config
[2.279s] running install_egg_info
[2.310s] Copying ../build/tourguide_bringup/tourguide_bringup.egg-info to /home/husarion/Desktop/tourguide/src/install/tourguide_bringup/lib/python3.12/site-packages/tourguide_bringup-0.0.0-py3.12.egg-info
[2.312s] running install_scripts
[2.514s] Installing conversation_service script to /home/husarion/Desktop/tourguide/src/install/tourguide_bringup/lib/tourguide_bringup
[2.515s] Installing semantic_bridge script to /home/husarion/Desktop/tourguide/src/install/tourguide_bringup/lib/tourguide_bringup
[2.515s] Installing tour_script script to /home/husarion/Desktop/tourguide/src/install/tourguide_bringup/lib/tourguide_bringup
[2.515s] writing list of installed files to '/home/husarion/Desktop/tourguide/src/build/tourguide_bringup/install.log'
[2.599s] Invoked command in '/home/husarion/Desktop/tourguide/src/tourguide_bringup' returned '0': DEBUGINFOD_URLS=https://debuginfod.ubuntu.com PYTHONPATH=/home/husarion/Desktop/tourguide/src/build/tourguide_bringup/prefix_override:/usr/lib/python3/dist-packages/colcon_core/task/python/colcon_distutils_commands:/home/husarion/Desktop/tourguide/src/install/tourguide_bringup/lib/python3.12/site-packages:${PYTHONPATH} /usr/bin/python3 -W ignore:setup.py install is deprecated -W ignore:easy_install command is deprecated setup.py egg_info --egg-base ../build/tourguide_bringup build --build-base /home/husarion/Desktop/tourguide/src/build/tourguide_bringup/build install --record /home/husarion/Desktop/tourguide/src/build/tourguide_bringup/install.log --single-version-externally-managed install_data
