running develop
running egg_info
writing tourguide_bringup.egg-info/PKG-INFO
writing dependency_links to tourguide_bringup.egg-info/dependency_links.txt
writing entry points to tourguide_bringup.egg-info/entry_points.txt
writing requirements to tourguide_bringup.egg-info/requires.txt
writing top-level names to tourguide_bringup.egg-info/top_level.txt
reading manifest file 'tourguide_bringup.egg-info/SOURCES.txt'
writing manifest file 'tourguide_bringup.egg-info/SOURCES.txt'
running build_ext
Creating /home/husarion/Desktop/tourguide/install/tourguide_bringup/lib/python3.12/site-packages/tourguide-bringup.egg-link (link to .)
Installing conversation_service script to /home/husarion/Desktop/tourguide/install/tourguide_bringup/lib/tourguide_bringup
Installing semantic_bridge script to /home/husarion/Desktop/tourguide/install/tourguide_bringup/lib/tourguide_bringup
Installing tour_script script to /home/husarion/Desktop/tourguide/install/tourguide_bringup/lib/tourguide_bringup

Installed /home/husarion/Desktop/tourguide/build/tourguide_bringup
running symlink_data
symbolically linking /home/husarion/Desktop/tourguide/build/tourguide_bringup/resource/tourguide_bringup -> /home/husarion/Desktop/tourguide/install/tourguide_bringup/share/ament_index/resource_index/packages
symbolically linking /home/husarion/Desktop/tourguide/build/tourguide_bringup/package.xml -> /home/husarion/Desktop/tourguide/install/tourguide_bringup/share/tourguide_bringup
symbolically linking /home/husarion/Desktop/tourguide/build/tourguide_bringup/launch/vision.launch.py -> /home/husarion/Desktop/tourguide/install/tourguide_bringup/share/tourguide_bringup/launch
symbolically linking /home/husarion/Desktop/tourguide/build/tourguide_bringup/launch/localization.launch.py -> /home/husarion/Desktop/tourguide/install/tourguide_bringup/share/tourguide_bringup/launch
symbolically linking /home/husarion/Desktop/tourguide/build/tourguide_bringup/launch/mapping.launch.py -> /home/husarion/Desktop/tourguide/install/tourguide_bringup/share/tourguide_bringup/launch
symbolically linking /home/husarion/Desktop/tourguide/build/tourguide_bringup/config/apriltags.yaml -> /home/husarion/Desktop/tourguide/install/tourguide_bringup/share/tourguide_bringup/config
symbolically linking /home/husarion/Desktop/tourguide/build/tourguide_bringup/config/tour_waypoints.yaml -> /home/husarion/Desktop/tourguide/install/tourguide_bringup/share/tourguide_bringup/config
symbolically linking /home/husarion/Desktop/tourguide/build/tourguide_bringup/config/tour_route.yaml -> /home/husarion/Desktop/tourguide/install/tourguide_bringup/share/tourguide_bringup/config
